<?xml version="1.0" encoding="UTF-8"?>
<coverage generated="1784312991930" clover="3.2.0">
  <project timestamp="1784312991930" name="All files">
    <metrics statements="84" coveredstatements="77" conditionals="59" coveredconditionals="44" methods="45" coveredmethods="38" elements="188" coveredelements="159" complexity="0" loc="84" ncloc="84" packages="4" files="12" classes="12"/>
    <package name="components">
      <metrics statements="38" coveredstatements="34" conditionals="38" coveredconditionals="26" methods="19" coveredmethods="17"/>
      <file name="AddInternForm.tsx" path="C:\Users\Admin\Desktop\tacbot\js-training\react\session4\src\components\AddInternForm.tsx">
        <metrics statements="6" coveredstatements="4" conditionals="4" coveredconditionals="3" methods="2" coveredmethods="2"/>
        <line num="12" count="45" type="stmt"/>
        <line num="17" count="45" type="stmt"/>
        <line num="21" count="4" type="cond" truecount="1" falsecount="1"/>
        <line num="23" count="0" type="stmt"/>
        <line num="28" count="0" type="stmt"/>
        <line num="31" count="45" type="stmt"/>
      </file>
      <file name="InternListWithCallback.tsx" path="C:\Users\Admin\Desktop\tacbot\js-training\react\session4\src\components\InternListWithCallback.tsx">
        <metrics statements="9" coveredstatements="7" conditionals="4" coveredconditionals="2" methods="5" coveredmethods="3"/>
        <line num="13" count="6" type="stmt"/>
        <line num="15" count="6" type="stmt"/>
        <line num="17" count="6" type="stmt"/>
        <line num="30" count="0" type="stmt"/>
        <line num="38" count="2" type="stmt"/>
        <line num="40" count="2" type="stmt"/>
        <line num="42" count="0" type="stmt"/>
        <line num="47" count="2" type="stmt"/>
        <line num="50" count="6" type="stmt"/>
      </file>
      <file name="InternRow.tsx" path="C:\Users\Admin\Desktop\tacbot\js-training\react\session4\src\components\InternRow.tsx">
        <metrics statements="3" coveredstatements="3" conditionals="4" coveredconditionals="2" methods="2" coveredmethods="2"/>
        <line num="11" count="3" type="stmt"/>
        <line num="13" count="3" type="stmt"/>
        <line num="23" count="1" type="stmt"/>
      </file>
      <file name="Navbar.tsx" path="C:\Users\Admin\Desktop\tacbot\js-training\react\session4\src\components\Navbar.tsx">
        <metrics statements="2" coveredstatements="2" conditionals="6" coveredconditionals="6" methods="1" coveredmethods="1"/>
        <line num="4" count="5" type="stmt"/>
        <line num="6" count="5" type="stmt"/>
      </file>
      <file name="ScoreStats.tsx" path="C:\Users\Admin\Desktop\tacbot\js-training\react\session4\src\components\ScoreStats.tsx">
        <metrics statements="10" coveredstatements="10" conditionals="8" coveredconditionals="5" methods="5" coveredmethods="5"/>
        <line num="5" count="5" type="stmt"/>
        <line num="6" count="5" type="cond" truecount="2" falsecount="0"/>
        <line num="7" count="3" type="stmt"/>
        <line num="9" count="2" type="stmt"/>
        <line num="10" count="2" type="stmt"/>
        <line num="12" count="8" type="stmt"/>
        <line num="14" count="2" type="stmt"/>
        <line num="22" count="8" type="stmt"/>
        <line num="26" count="8" type="stmt"/>
        <line num="30" count="2" type="stmt"/>
      </file>
      <file name="SummaryBar.tsx" path="C:\Users\Admin\Desktop\tacbot\js-training\react\session4\src\components\SummaryBar.tsx">
        <metrics statements="6" coveredstatements="6" conditionals="2" coveredconditionals="1" methods="3" coveredmethods="3"/>
        <line num="4" count="3" type="stmt"/>
        <line num="6" count="3" type="stmt"/>
        <line num="7" count="9" type="stmt"/>
        <line num="10" count="3" type="cond" truecount="1" falsecount="1"/>
        <line num="13" count="9" type="stmt"/>
        <line num="16" count="3" type="stmt"/>
      </file>
      <file name="ThemedCard.tsx" path="C:\Users\Admin\Desktop\tacbot\js-training\react\session4\src\components\ThemedCard.tsx">
        <metrics statements="2" coveredstatements="2" conditionals="10" coveredconditionals="7" methods="1" coveredmethods="1"/>
        <line num="9" count="16" type="stmt"/>
        <line num="13" count="16" type="stmt"/>
      </file>
    </package>
    <package name="contexts">
      <metrics statements="22" coveredstatements="19" conditionals="6" coveredconditionals="4" methods="13" coveredmethods="8"/>
      <file name="intern-context.tsx" path="C:\Users\Admin\Desktop\tacbot\js-training\react\session4\src\contexts\intern-context.tsx">
        <metrics statements="14" coveredstatements="12" conditionals="2" coveredconditionals="2" methods="9" coveredmethods="4"/>
        <line num="18" count="9" type="stmt"/>
        <line num="21" count="38" type="stmt"/>
        <line num="22" count="38" type="stmt"/>
        <line num="27" count="38" type="stmt"/>
        <line num="28" count="35" type="stmt"/>
        <line num="29" count="10" type="stmt"/>
        <line num="36" count="10" type="stmt"/>
        <line num="41" count="0" type="stmt"/>
        <line num="45" count="0" type="stmt"/>
        <line num="48" count="38" type="stmt"/>
        <line num="63" count="55" type="stmt"/>
        <line num="65" count="55" type="cond" truecount="2" falsecount="0"/>
        <line num="66" count="2" type="stmt"/>
        <line num="68" count="52" type="stmt"/>
      </file>
      <file name="theme-context.tsx" path="C:\Users\Admin\Desktop\tacbot\js-training\react\session4\src\contexts\theme-context.tsx">
        <metrics statements="8" coveredstatements="7" conditionals="4" coveredconditionals="2" methods="4" coveredmethods="4"/>
        <line num="12" count="8" type="stmt"/>
        <line num="15" count="37" type="stmt"/>
        <line num="18" count="1" type="cond" truecount="1" falsecount="1"/>
        <line num="21" count="37" type="stmt"/>
        <line num="29" count="30" type="stmt"/>
        <line num="33" count="30" type="cond" truecount="1" falsecount="1"/>
        <line num="34" count="0" type="stmt"/>
        <line num="37" count="30" type="stmt"/>
      </file>
    </package>
    <package name="hooks">
      <metrics statements="22" coveredstatements="22" conditionals="15" coveredconditionals="14" methods="11" coveredmethods="11"/>
      <file name="useCounter.ts" path="C:\Users\Admin\Desktop\tacbot\js-training\react\session4\src\hooks\useCounter.ts">
        <metrics statements="5" coveredstatements="5" conditionals="5" coveredconditionals="5" methods="6" coveredmethods="6"/>
        <line num="24" count="8" type="stmt"/>
        <line num="27" count="3" type="stmt"/>
        <line num="31" count="1" type="stmt"/>
        <line num="35" count="1" type="stmt"/>
        <line num="38" count="8" type="stmt"/>
      </file>
      <file name="useInternForm.ts" path="C:\Users\Admin\Desktop\tacbot\js-training\react\session4\src\hooks\useInternForm.ts">
        <metrics statements="17" coveredstatements="17" conditionals="10" coveredconditionals="9" methods="5" coveredmethods="5"/>
        <line num="20" count="3" type="stmt"/>
        <line num="29" count="61" type="stmt"/>
        <line num="31" count="61" type="stmt"/>
        <line num="37" count="36" type="stmt"/>
        <line num="39" count="36" type="stmt"/>
        <line num="51" count="36" type="stmt"/>
        <line num="55" count="3" type="stmt"/>
        <line num="56" count="3" type="stmt"/>
        <line num="61" count="8" type="cond" truecount="2" falsecount="0"/>
        <line num="62" count="4" type="stmt"/>
        <line num="63" count="4" type="stmt"/>
        <line num="66" count="4" type="cond" truecount="4" falsecount="0"/>
        <line num="67" count="1" type="stmt"/>
        <line num="68" count="1" type="stmt"/>
        <line num="71" count="3" type="stmt"/>
        <line num="72" count="3" type="stmt"/>
        <line num="75" count="61" type="stmt"/>
      </file>
    </package>
    <package name="test">
      <metrics statements="2" coveredstatements="2" conditionals="0" coveredconditionals="0" methods="2" coveredmethods="2"/>
      <file name="test-utils.tsx" path="C:\Users\Admin\Desktop\tacbot\js-training\react\session4\src\test\test-utils.tsx">
        <metrics statements="2" coveredstatements="2" conditionals="0" coveredconditionals="0" methods="2" coveredmethods="2"/>
        <line num="7" count="35" type="stmt"/>
        <line num="17" count="35" type="stmt"/>
      </file>
    </package>
  </project>
</coverage>
