{"C:\\Users\\Admin\\Desktop\\tacbot\\js-training\\react\\session4\\src\\components\\AddInternForm.tsx": {"path":"C:\\Users\\Admin\\Desktop\\tacbot\\js-training\\react\\session4\\src\\components\\AddInternForm.tsx","statementMap":{"0":{"start":{"line":12,"column":6},"end":{"line":12,"column":20}},"1":{"start":{"line":17,"column":6},"end":{"line":17,"column":17}},"2":{"start":{"line":21,"column":4},"end":{"line":21,"column":null}},"3":{"start":{"line":21,"column":20},"end":{"line":21,"column":null}},"4":{"start":{"line":23,"column":4},"end":{"line":26,"column":null}},"5":{"start":{"line":28,"column":4},"end":{"line":28,"column":null}},"6":{"start":{"line":31,"column":2},"end":{"line":86,"column":null}}},"fnMap":{"0":{"name":"AddInternForm","decl":{"start":{"line":4,"column":9},"end":{"line":4,"column":25}},"loc":{"start":{"line":4,"column":25},"end":{"line":88,"column":null}},"line":4},"1":{"name":"handleSubmit","decl":{"start":{"line":19,"column":11},"end":{"line":19,"column":32}},"loc":{"start":{"line":19,"column":32},"end":{"line":29,"column":null}},"line":19}},"branchMap":{"0":{"loc":{"start":{"line":21,"column":4},"end":{"line":21,"column":null}},"type":"if","locations":[{"start":{"line":21,"column":4},"end":{"line":21,"column":null}},{"start":{},"end":{}}],"line":21},"1":{"loc":{"start":{"line":34,"column":7},"end":{"line":37,"column":null}},"type":"binary-expr","locations":[{"start":{"line":34,"column":7},"end":{"line":34,"column":null}},{"start":{"line":35,"column":8},"end":{"line":37,"column":null}}],"line":34}},"s":{"0":45,"1":45,"2":4,"3":4,"4":0,"5":0,"6":45},"f":{"0":45,"1":4},"b":{"0":[4,0],"1":[45,4]},"meta":{"lastBranch":2,"lastFunction":2,"lastStatement":7,"seen":{"f:4:9:4:25":0,"s:12:6:12:20":0,"s:17:6:17:17":1,"f:19:11:19:32":1,"b:21:4:21:Infinity:undefined:undefined:undefined:undefined":0,"s:21:4:21:Infinity":2,"s:21:20:21:Infinity":3,"s:23:4:26:Infinity":4,"s:28:4:28:Infinity":5,"s:31:2:86:Infinity":6,"b:34:7:34:Infinity:35:8:37:Infinity":1},"fnNames":{}}}
,"C:\\Users\\Admin\\Desktop\\tacbot\\js-training\\react\\session4\\src\\components\\InternListWithCallback.tsx": {"path":"C:\\Users\\Admin\\Desktop\\tacbot\\js-training\\react\\session4\\src\\components\\InternListWithCallback.tsx","statementMap":{"0":{"start":{"line":13,"column":20},"end":{"line":13,"column":29}},"1":{"start":{"line":15,"column":2},"end":{"line":15,"column":null}},"2":{"start":{"line":17,"column":2},"end":{"line":33,"column":null}},"3":{"start":{"line":30,"column":29},"end":{"line":30,"column":43}},"4":{"start":{"line":38,"column":36},"end":{"line":38,"column":47}},"5":{"start":{"line":40,"column":23},"end":{"line":45,"column":null}},"6":{"start":{"line":42,"column":6},"end":{"line":42,"column":null}},"7":{"start":{"line":47,"column":2},"end":{"line":58,"column":null}},"8":{"start":{"line":50,"column":8},"end":{"line":56,"column":null}}},"fnMap":{"0":{"name":"InternRow","decl":{"start":{"line":12,"column":9},"end":{"line":12,"column":19}},"loc":{"start":{"line":12,"column":66},"end":{"line":35,"column":null}},"line":12},"1":{"name":"(anonymous_1)","decl":{"start":{"line":30,"column":14},"end":{"line":30,"column":29}},"loc":{"start":{"line":30,"column":29},"end":{"line":30,"column":43}},"line":30},"2":{"name":"InternListWithCallback","decl":{"start":{"line":37,"column":9},"end":{"line":37,"column":34}},"loc":{"start":{"line":37,"column":34},"end":{"line":60,"column":null}},"line":37},"3":{"name":"(anonymous_3)","decl":{"start":{"line":40,"column":23},"end":{"line":40,"column":null}},"loc":{"start":{"line":41,"column":26},"end":{"line":43,"column":null}},"line":41},"4":{"name":"(anonymous_4)","decl":{"start":{"line":49,"column":15},"end":{"line":49,"column":19}},"loc":{"start":{"line":50,"column":8},"end":{"line":56,"column":null}},"line":50}},"branchMap":{"0":{"loc":{"start":{"line":20,"column":20},"end":{"line":20,"column":null}},"type":"cond-expr","locations":[{"start":{"line":20,"column":40},"end":{"line":20,"column":49}},{"start":{"line":20,"column":49},"end":{"line":20,"column":null}}],"line":20},"1":{"loc":{"start":{"line":21,"column":15},"end":{"line":21,"column":null}},"type":"cond-expr","locations":[{"start":{"line":21,"column":35},"end":{"line":21,"column":44}},{"start":{"line":21,"column":44},"end":{"line":21,"column":null}}],"line":21}},"s":{"0":6,"1":6,"2":6,"3":0,"4":2,"5":2,"6":0,"7":2,"8":6},"f":{"0":6,"1":0,"2":2,"3":0,"4":6},"b":{"0":[6,0],"1":[6,0]},"meta":{"lastBranch":2,"lastFunction":5,"lastStatement":9,"seen":{"f:12:9:12:19":0,"s:13:20:13:29":0,"s:15:2:15:Infinity":1,"s:17:2:33:Infinity":2,"b:20:40:20:49:20:49:20:Infinity":0,"b:21:35:21:44:21:44:21:Infinity":1,"f:30:14:30:29":1,"s:30:29:30:43":3,"f:37:9:37:34":2,"s:38:36:38:47":4,"s:40:23:45:Infinity":5,"f:40:23:40:Infinity":3,"s:42:6:42:Infinity":6,"s:47:2:58:Infinity":7,"f:49:15:49:19":4,"s:50:8:56:Infinity":8},"fnNames":{}}}
,"C:\\Users\\Admin\\Desktop\\tacbot\\js-training\\react\\session4\\src\\components\\InternRow.tsx": {"path":"C:\\Users\\Admin\\Desktop\\tacbot\\js-training\\react\\session4\\src\\components\\InternRow.tsx","statementMap":{"0":{"start":{"line":11,"column":20},"end":{"line":11,"column":29}},"1":{"start":{"line":13,"column":2},"end":{"line":24,"column":null}},"2":{"start":{"line":23,"column":29},"end":{"line":23,"column":43}}},"fnMap":{"0":{"name":"InternRow","decl":{"start":{"line":10,"column":9},"end":{"line":10,"column":19}},"loc":{"start":{"line":10,"column":66},"end":{"line":26,"column":null}},"line":10},"1":{"name":"(anonymous_1)","decl":{"start":{"line":23,"column":14},"end":{"line":23,"column":29}},"loc":{"start":{"line":23,"column":29},"end":{"line":23,"column":43}},"line":23}},"branchMap":{"0":{"loc":{"start":{"line":16,"column":20},"end":{"line":16,"column":null}},"type":"cond-expr","locations":[{"start":{"line":16,"column":40},"end":{"line":16,"column":49}},{"start":{"line":16,"column":49},"end":{"line":16,"column":null}}],"line":16},"1":{"loc":{"start":{"line":17,"column":15},"end":{"line":17,"column":null}},"type":"cond-expr","locations":[{"start":{"line":17,"column":35},"end":{"line":17,"column":44}},{"start":{"line":17,"column":44},"end":{"line":17,"column":null}}],"line":17}},"s":{"0":3,"1":3,"2":1},"f":{"0":3,"1":1},"b":{"0":[3,0],"1":[3,0]},"meta":{"lastBranch":2,"lastFunction":2,"lastStatement":3,"seen":{"f:10:9:10:19":0,"s:11:20:11:29":0,"s:13:2:24:Infinity":1,"b:16:40:16:49:16:49:16:Infinity":0,"b:17:35:17:44:17:44:17:Infinity":1,"f:23:14:23:29":1,"s:23:29:23:43":2},"fnNames":{}}}
,"C:\\Users\\Admin\\Desktop\\tacbot\\js-training\\react\\session4\\src\\components\\Navbar.tsx": {"path":"C:\\Users\\Admin\\Desktop\\tacbot\\js-training\\react\\session4\\src\\components\\Navbar.tsx","statementMap":{"0":{"start":{"line":4,"column":33},"end":{"line":4,"column":42}},"1":{"start":{"line":6,"column":2},"end":{"line":21,"column":null}}},"fnMap":{"0":{"name":"Navbar","decl":{"start":{"line":3,"column":9},"end":{"line":3,"column":18}},"loc":{"start":{"line":3,"column":18},"end":{"line":23,"column":null}},"line":3}},"branchMap":{"0":{"loc":{"start":{"line":9,"column":20},"end":{"line":9,"column":null}},"type":"cond-expr","locations":[{"start":{"line":9,"column":40},"end":{"line":9,"column":52}},{"start":{"line":9,"column":52},"end":{"line":9,"column":null}}],"line":9},"1":{"loc":{"start":{"line":10,"column":15},"end":{"line":10,"column":null}},"type":"cond-expr","locations":[{"start":{"line":10,"column":35},"end":{"line":10,"column":44}},{"start":{"line":10,"column":44},"end":{"line":10,"column":null}}],"line":10},"2":{"loc":{"start":{"line":19,"column":19},"end":{"line":19,"column":56}},"type":"cond-expr","locations":[{"start":{"line":19,"column":39},"end":{"line":19,"column":48}},{"start":{"line":19,"column":48},"end":{"line":19,"column":56}}],"line":19}},"s":{"0":5,"1":5},"f":{"0":5},"b":{"0":[4,1],"1":[4,1],"2":[4,1]},"meta":{"lastBranch":3,"lastFunction":1,"lastStatement":2,"seen":{"f:3:9:3:18":0,"s:4:33:4:42":0,"s:6:2:21:Infinity":1,"b:9:40:9:52:9:52:9:Infinity":0,"b:10:35:10:44:10:44:10:Infinity":1,"b:19:39:19:48:19:48:19:56":2},"fnNames":{}}}
,"C:\\Users\\Admin\\Desktop\\tacbot\\js-training\\react\\session4\\src\\components\\ScoreStats.tsx": {"path":"C:\\Users\\Admin\\Desktop\\tacbot\\js-training\\react\\session4\\src\\components\\ScoreStats.tsx","statementMap":{"0":{"start":{"line":5,"column":33},"end":{"line":5,"column":44}},"1":{"start":{"line":6,"column":0},"end":{"line":8,"column":null}},"2":{"start":{"line":7,"column":2},"end":{"line":7,"column":null}},"3":{"start":{"line":9,"column":16},"end":{"line":28,"column":null}},"4":{"start":{"line":10,"column":4},"end":{"line":10,"column":null}},"5":{"start":{"line":12,"column":19},"end":{"line":12,"column":null}},"6":{"start":{"line":12,"column":36},"end":{"line":12,"column":43}},"7":{"start":{"line":14,"column":4},"end":{"line":27,"column":null}},"8":{"start":{"line":22,"column":38},"end":{"line":22,"column":45}},"9":{"start":{"line":26,"column":35},"end":{"line":26,"column":48}},"10":{"start":{"line":30,"column":2},"end":{"line":47,"column":null}}},"fnMap":{"0":{"name":"ScoreStats","decl":{"start":{"line":4,"column":9},"end":{"line":4,"column":22}},"loc":{"start":{"line":4,"column":22},"end":{"line":49,"column":null}},"line":4},"1":{"name":"(anonymous_1)","decl":{"start":{"line":9,"column":16},"end":{"line":9,"column":30}},"loc":{"start":{"line":9,"column":30},"end":{"line":28,"column":5}},"line":9},"2":{"name":"(anonymous_2)","decl":{"start":{"line":12,"column":27},"end":{"line":12,"column":31}},"loc":{"start":{"line":12,"column":36},"end":{"line":12,"column":43}},"line":12},"3":{"name":"(anonymous_3)","decl":{"start":{"line":22,"column":21},"end":{"line":22,"column":29}},"loc":{"start":{"line":22,"column":38},"end":{"line":22,"column":45}},"line":22},"4":{"name":"(anonymous_4)","decl":{"start":{"line":26,"column":23},"end":{"line":26,"column":30}},"loc":{"start":{"line":26,"column":35},"end":{"line":26,"column":48}},"line":26}},"branchMap":{"0":{"loc":{"start":{"line":6,"column":0},"end":{"line":8,"column":null}},"type":"if","locations":[{"start":{"line":6,"column":0},"end":{"line":8,"column":null}},{"start":{},"end":{}}],"line":6},"1":{"loc":{"start":{"line":15,"column":15},"end":{"line":15,"column":null}},"type":"cond-expr","locations":[{"start":{"line":15,"column":35},"end":{"line":15,"column":57}},{"start":{"line":15,"column":57},"end":{"line":15,"column":null}}],"line":15},"2":{"loc":{"start":{"line":17,"column":14},"end":{"line":17,"column":null}},"type":"cond-expr","locations":[{"start":{"line":17,"column":34},"end":{"line":17,"column":56}},{"start":{"line":17,"column":56},"end":{"line":17,"column":null}}],"line":17},"3":{"loc":{"start":{"line":20,"column":8},"end":{"line":24,"column":null}},"type":"cond-expr","locations":[{"start":{"line":21,"column":12},"end":{"line":23,"column":null}},{"start":{"line":24,"column":12},"end":{"line":24,"column":null}}],"line":20}},"s":{"0":5,"1":5,"2":3,"3":2,"4":2,"5":2,"6":8,"7":2,"8":8,"9":8,"10":2},"f":{"0":5,"1":2,"2":8,"3":8,"4":8},"b":{"0":[3,2],"1":[2,0],"2":[2,0],"3":[2,0]},"meta":{"lastBranch":4,"lastFunction":5,"lastStatement":11,"seen":{"f:4:9:4:22":0,"s:5:33:5:44":0,"b:6:0:8:Infinity:undefined:undefined:undefined:undefined":0,"s:6:0:8:Infinity":1,"s:7:2:7:Infinity":2,"s:9:16:28:Infinity":3,"f:9:16:9:30":1,"s:10:4:10:Infinity":4,"s:12:19:12:Infinity":5,"f:12:27:12:31":2,"s:12:36:12:43":6,"s:14:4:27:Infinity":7,"b:15:35:15:57:15:57:15:Infinity":1,"b:17:34:17:56:17:56:17:Infinity":2,"b:21:12:23:Infinity:24:12:24:Infinity":3,"f:22:21:22:29":3,"s:22:38:22:45":8,"f:26:23:26:30":4,"s:26:35:26:48":9,"s:30:2:47:Infinity":10},"fnNames":{}}}
,"C:\\Users\\Admin\\Desktop\\tacbot\\js-training\\react\\session4\\src\\components\\SummaryBar.tsx": {"path":"C:\\Users\\Admin\\Desktop\\tacbot\\js-training\\react\\session4\\src\\components\\SummaryBar.tsx","statementMap":{"0":{"start":{"line":4,"column":22},"end":{"line":4,"column":33}},"1":{"start":{"line":6,"column":16},"end":{"line":6,"column":null}},"2":{"start":{"line":7,"column":18},"end":{"line":7,"column":null}},"3":{"start":{"line":7,"column":38},"end":{"line":7,"column":49}},"4":{"start":{"line":10,"column":4},"end":{"line":14,"column":null}},"5":{"start":{"line":13,"column":37},"end":{"line":13,"column":52}},"6":{"start":{"line":16,"column":2},"end":{"line":21,"column":null}}},"fnMap":{"0":{"name":"SummaryBar","decl":{"start":{"line":3,"column":24},"end":{"line":3,"column":37}},"loc":{"start":{"line":3,"column":37},"end":{"line":23,"column":null}},"line":3},"1":{"name":"(anonymous_1)","decl":{"start":{"line":7,"column":26},"end":{"line":7,"column":33}},"loc":{"start":{"line":7,"column":38},"end":{"line":7,"column":49}},"line":7},"2":{"name":"(anonymous_2)","decl":{"start":{"line":13,"column":18},"end":{"line":13,"column":26}},"loc":{"start":{"line":13,"column":37},"end":{"line":13,"column":52}},"line":13}},"branchMap":{"0":{"loc":{"start":{"line":10,"column":4},"end":{"line":14,"column":null}},"type":"cond-expr","locations":[{"start":{"line":11,"column":8},"end":{"line":11,"column":null}},{"start":{"line":11,"column":8},"end":{"line":14,"column":null}}],"line":10}},"s":{"0":3,"1":3,"2":3,"3":9,"4":3,"5":9,"6":3},"f":{"0":3,"1":9,"2":9},"b":{"0":[0,3]},"meta":{"lastBranch":1,"lastFunction":3,"lastStatement":7,"seen":{"f:3:24:3:37":0,"s:4:22:4:33":0,"s:6:16:6:Infinity":1,"s:7:18:7:Infinity":2,"f:7:26:7:33":1,"s:7:38:7:49":3,"s:10:4:14:Infinity":4,"b:11:8:11:Infinity:11:8:14:Infinity":0,"f:13:18:13:26":2,"s:13:37:13:52":5,"s:16:2:21:Infinity":6},"fnNames":{}}}
,"C:\\Users\\Admin\\Desktop\\tacbot\\js-training\\react\\session4\\src\\components\\ThemedCard.tsx": {"path":"C:\\Users\\Admin\\Desktop\\tacbot\\js-training\\react\\session4\\src\\components\\ThemedCard.tsx","statementMap":{"0":{"start":{"line":9,"column":20},"end":{"line":9,"column":29}},"1":{"start":{"line":13,"column":2},"end":{"line":37,"column":null}}},"fnMap":{"0":{"name":"ThemedCard","decl":{"start":{"line":8,"column":9},"end":{"line":8,"column":20}},"loc":{"start":{"line":8,"column":54},"end":{"line":39,"column":null}},"line":8}},"branchMap":{"0":{"loc":{"start":{"line":16,"column":20},"end":{"line":16,"column":null}},"type":"cond-expr","locations":[{"start":{"line":16,"column":40},"end":{"line":16,"column":52}},{"start":{"line":16,"column":52},"end":{"line":16,"column":null}}],"line":16},"1":{"loc":{"start":{"line":17,"column":15},"end":{"line":17,"column":null}},"type":"cond-expr","locations":[{"start":{"line":17,"column":35},"end":{"line":17,"column":44}},{"start":{"line":17,"column":44},"end":{"line":17,"column":null}}],"line":17},"2":{"loc":{"start":{"line":19,"column":10},"end":{"line":19,"column":null}},"type":"cond-expr","locations":[{"start":{"line":19,"column":30},"end":{"line":19,"column":39}},{"start":{"line":19,"column":39},"end":{"line":19,"column":null}}],"line":19},"3":{"loc":{"start":{"line":32,"column":17},"end":{"line":32,"column":null}},"type":"cond-expr","locations":[{"start":{"line":32,"column":31},"end":{"line":32,"column":41}},{"start":{"line":32,"column":41},"end":{"line":32,"column":null}}],"line":32},"4":{"loc":{"start":{"line":35,"column":9},"end":{"line":35,"column":null}},"type":"cond-expr","locations":[{"start":{"line":35,"column":23},"end":{"line":35,"column":32}},{"start":{"line":35,"column":32},"end":{"line":35,"column":null}}],"line":35}},"s":{"0":16,"1":16},"f":{"0":16},"b":{"0":[16,0],"1":[16,0],"2":[16,0],"3":[13,3],"4":[13,3]},"meta":{"lastBranch":5,"lastFunction":1,"lastStatement":2,"seen":{"f:8:9:8:20":0,"s:9:20:9:29":0,"s:13:2:37:Infinity":1,"b:16:40:16:52:16:52:16:Infinity":0,"b:17:35:17:44:17:44:17:Infinity":1,"b:19:30:19:39:19:39:19:Infinity":2,"b:32:31:32:41:32:41:32:Infinity":3,"b:35:23:35:32:35:32:35:Infinity":4},"fnNames":{}}}
,"C:\\Users\\Admin\\Desktop\\tacbot\\js-training\\react\\session4\\src\\contexts\\intern-context.tsx": {"path":"C:\\Users\\Admin\\Desktop\\tacbot\\js-training\\react\\session4\\src\\contexts\\intern-context.tsx","statementMap":{"0":{"start":{"line":18,"column":22},"end":{"line":18,"column":null}},"1":{"start":{"line":21,"column":32},"end":{"line":21,"column":null}},"2":{"start":{"line":22,"column":36},"end":{"line":22,"column":null}},"3":{"start":{"line":27,"column":2},"end":{"line":38,"column":null}},"4":{"start":{"line":28,"column":4},"end":{"line":37,"column":null}},"5":{"start":{"line":29,"column":6},"end":{"line":34,"column":null}},"6":{"start":{"line":36,"column":6},"end":{"line":36,"column":null}},"7":{"start":{"line":41,"column":4},"end":{"line":41,"column":null}},"8":{"start":{"line":41,"column":23},"end":{"line":41,"column":40}},"9":{"start":{"line":45,"column":4},"end":{"line":45,"column":null}},"10":{"start":{"line":45,"column":23},"end":{"line":45,"column":52}},"11":{"start":{"line":45,"column":40},"end":{"line":45,"column":51}},"12":{"start":{"line":48,"column":2},"end":{"line":58,"column":null}},"13":{"start":{"line":63,"column":18},"end":{"line":63,"column":null}},"14":{"start":{"line":65,"column":2},"end":{"line":66,"column":null}},"15":{"start":{"line":66,"column":4},"end":{"line":66,"column":null}},"16":{"start":{"line":68,"column":2},"end":{"line":68,"column":null}}},"fnMap":{"0":{"name":"InternProvider","decl":{"start":{"line":20,"column":16},"end":{"line":20,"column":31}},"loc":{"start":{"line":20,"column":70},"end":{"line":60,"column":null}},"line":20},"1":{"name":"(anonymous_1)","decl":{"start":{"line":27,"column":2},"end":{"line":27,"column":18}},"loc":{"start":{"line":27,"column":18},"end":{"line":38,"column":5}},"line":27},"2":{"name":"(anonymous_2)","decl":{"start":{"line":28,"column":4},"end":{"line":28,"column":21}},"loc":{"start":{"line":28,"column":21},"end":{"line":37,"column":7}},"line":28},"3":{"name":"addIntern","decl":{"start":{"line":40,"column":11},"end":{"line":40,"column":21}},"loc":{"start":{"line":40,"column":43},"end":{"line":42,"column":null}},"line":40},"4":{"name":"(anonymous_4)","decl":{"start":{"line":41,"column":4},"end":{"line":41,"column":15}},"loc":{"start":{"line":41,"column":23},"end":{"line":41,"column":40}},"line":41},"5":{"name":"removeIntern","decl":{"start":{"line":44,"column":11},"end":{"line":44,"column":24}},"loc":{"start":{"line":44,"column":42},"end":{"line":46,"column":null}},"line":44},"6":{"name":"(anonymous_6)","decl":{"start":{"line":45,"column":4},"end":{"line":45,"column":15}},"loc":{"start":{"line":45,"column":23},"end":{"line":45,"column":52}},"line":45},"7":{"name":"(anonymous_7)","decl":{"start":{"line":45,"column":28},"end":{"line":45,"column":35}},"loc":{"start":{"line":45,"column":40},"end":{"line":45,"column":51}},"line":45},"8":{"name":"useInterns","decl":{"start":{"line":62,"column":16},"end":{"line":62,"column":48}},"loc":{"start":{"line":62,"column":48},"end":{"line":69,"column":null}},"line":62}},"branchMap":{"0":{"loc":{"start":{"line":65,"column":2},"end":{"line":66,"column":null}},"type":"if","locations":[{"start":{"line":65,"column":2},"end":{"line":66,"column":null}},{"start":{},"end":{}}],"line":65}},"s":{"0":9,"1":38,"2":38,"3":38,"4":35,"5":10,"6":10,"7":0,"8":0,"9":0,"10":0,"11":0,"12":38,"13":55,"14":55,"15":2,"16":52},"f":{"0":38,"1":35,"2":10,"3":0,"4":0,"5":0,"6":0,"7":0,"8":55},"b":{"0":[2,53]},"meta":{"lastBranch":1,"lastFunction":9,"lastStatement":17,"seen":{"s:18:22:18:Infinity":0,"f:20:16:20:31":0,"s:21:32:21:Infinity":1,"s:22:36:22:Infinity":2,"s:27:2:38:Infinity":3,"f:27:2:27:18":1,"s:28:4:37:Infinity":4,"f:28:4:28:21":2,"s:29:6:34:Infinity":5,"s:36:6:36:Infinity":6,"f:40:11:40:21":3,"s:41:4:41:Infinity":7,"f:41:4:41:15":4,"s:41:23:41:40":8,"f:44:11:44:24":5,"s:45:4:45:Infinity":9,"f:45:4:45:15":6,"s:45:23:45:52":10,"f:45:28:45:35":7,"s:45:40:45:51":11,"s:48:2:58:Infinity":12,"f:62:16:62:48":8,"s:63:18:63:Infinity":13,"b:65:2:66:Infinity:undefined:undefined:undefined:undefined":0,"s:65:2:66:Infinity":14,"s:66:4:66:Infinity":15,"s:68:2:68:Infinity":16},"fnNames":{}}}
,"C:\\Users\\Admin\\Desktop\\tacbot\\js-training\\react\\session4\\src\\contexts\\theme-context.tsx": {"path":"C:\\Users\\Admin\\Desktop\\tacbot\\js-training\\react\\session4\\src\\contexts\\theme-context.tsx","statementMap":{"0":{"start":{"line":12,"column":21},"end":{"line":12,"column":null}},"1":{"start":{"line":15,"column":28},"end":{"line":15,"column":null}},"2":{"start":{"line":18,"column":4},"end":{"line":18,"column":null}},"3":{"start":{"line":18,"column":22},"end":{"line":18,"column":58}},"4":{"start":{"line":21,"column":2},"end":{"line":24,"column":null}},"5":{"start":{"line":29,"column":18},"end":{"line":29,"column":null}},"6":{"start":{"line":33,"column":2},"end":{"line":35,"column":null}},"7":{"start":{"line":34,"column":4},"end":{"line":34,"column":null}},"8":{"start":{"line":37,"column":2},"end":{"line":37,"column":null}}},"fnMap":{"0":{"name":"ThemeProvider","decl":{"start":{"line":14,"column":16},"end":{"line":14,"column":30}},"loc":{"start":{"line":14,"column":69},"end":{"line":26,"column":null}},"line":14},"1":{"name":"toggleTheme","decl":{"start":{"line":17,"column":11},"end":{"line":17,"column":31}},"loc":{"start":{"line":17,"column":31},"end":{"line":19,"column":null}},"line":17},"2":{"name":"(anonymous_2)","decl":{"start":{"line":18,"column":4},"end":{"line":18,"column":13}},"loc":{"start":{"line":18,"column":22},"end":{"line":18,"column":58}},"line":18},"3":{"name":"useTheme","decl":{"start":{"line":28,"column":16},"end":{"line":28,"column":45}},"loc":{"start":{"line":28,"column":45},"end":{"line":38,"column":null}},"line":28}},"branchMap":{"0":{"loc":{"start":{"line":18,"column":22},"end":{"line":18,"column":58}},"type":"cond-expr","locations":[{"start":{"line":18,"column":41},"end":{"line":18,"column":50}},{"start":{"line":18,"column":50},"end":{"line":18,"column":58}}],"line":18},"1":{"loc":{"start":{"line":33,"column":2},"end":{"line":35,"column":null}},"type":"if","locations":[{"start":{"line":33,"column":2},"end":{"line":35,"column":null}},{"start":{},"end":{}}],"line":33}},"s":{"0":8,"1":37,"2":1,"3":1,"4":37,"5":30,"6":30,"7":0,"8":30},"f":{"0":37,"1":1,"2":1,"3":30},"b":{"0":[1,0],"1":[0,30]},"meta":{"lastBranch":2,"lastFunction":4,"lastStatement":9,"seen":{"s:12:21:12:Infinity":0,"f:14:16:14:30":0,"s:15:28:15:Infinity":1,"f:17:11:17:31":1,"s:18:4:18:Infinity":2,"f:18:4:18:13":2,"s:18:22:18:58":3,"b:18:41:18:50:18:50:18:58":0,"s:21:2:24:Infinity":4,"f:28:16:28:45":3,"s:29:18:29:Infinity":5,"b:33:2:35:Infinity:undefined:undefined:undefined:undefined":1,"s:33:2:35:Infinity":6,"s:34:4:34:Infinity":7,"s:37:2:37:Infinity":8},"fnNames":{}}}
,"C:\\Users\\Admin\\Desktop\\tacbot\\js-training\\react\\session4\\src\\hooks\\useCounter.ts": {"path":"C:\\Users\\Admin\\Desktop\\tacbot\\js-training\\react\\session4\\src\\hooks\\useCounter.ts","statementMap":{"0":{"start":{"line":24,"column":28},"end":{"line":24,"column":null}},"1":{"start":{"line":27,"column":4},"end":{"line":27,"column":null}},"2":{"start":{"line":27,"column":21},"end":{"line":27,"column":47}},"3":{"start":{"line":31,"column":4},"end":{"line":31,"column":null}},"4":{"start":{"line":31,"column":21},"end":{"line":31,"column":47}},"5":{"start":{"line":35,"column":4},"end":{"line":35,"column":null}},"6":{"start":{"line":38,"column":2},"end":{"line":43,"column":null}}},"fnMap":{"0":{"name":"useCounter","decl":{"start":{"line":17,"column":9},"end":{"line":17,"column":20}},"loc":{"start":{"line":22,"column":45},"end":{"line":44,"column":null}},"line":22},"1":{"name":"increment","decl":{"start":{"line":26,"column":11},"end":{"line":26,"column":29}},"loc":{"start":{"line":26,"column":29},"end":{"line":28,"column":null}},"line":26},"2":{"name":"(anonymous_2)","decl":{"start":{"line":27,"column":4},"end":{"line":27,"column":13}},"loc":{"start":{"line":27,"column":21},"end":{"line":27,"column":47}},"line":27},"3":{"name":"decrement","decl":{"start":{"line":30,"column":11},"end":{"line":30,"column":29}},"loc":{"start":{"line":30,"column":29},"end":{"line":32,"column":null}},"line":30},"4":{"name":"(anonymous_4)","decl":{"start":{"line":31,"column":4},"end":{"line":31,"column":13}},"loc":{"start":{"line":31,"column":21},"end":{"line":31,"column":47}},"line":31},"5":{"name":"reset","decl":{"start":{"line":34,"column":11},"end":{"line":34,"column":25}},"loc":{"start":{"line":34,"column":25},"end":{"line":36,"column":null}},"line":34}},"branchMap":{"0":{"loc":{"start":{"line":17,"column":20},"end":{"line":22,"column":45}},"type":"default-arg","locations":[{"start":{"line":22,"column":23},"end":{"line":22,"column":45}}],"line":17},"1":{"loc":{"start":{"line":18,"column":2},"end":{"line":18,"column":null}},"type":"default-arg","locations":[{"start":{"line":18,"column":12},"end":{"line":18,"column":null}}],"line":18},"2":{"loc":{"start":{"line":19,"column":2},"end":{"line":19,"column":null}},"type":"default-arg","locations":[{"start":{"line":19,"column":8},"end":{"line":19,"column":null}}],"line":19},"3":{"loc":{"start":{"line":20,"column":2},"end":{"line":20,"column":null}},"type":"default-arg","locations":[{"start":{"line":20,"column":8},"end":{"line":20,"column":null}}],"line":20},"4":{"loc":{"start":{"line":21,"column":2},"end":{"line":21,"column":null}},"type":"default-arg","locations":[{"start":{"line":21,"column":9},"end":{"line":21,"column":null}}],"line":21}},"s":{"0":8,"1":3,"2":3,"3":1,"4":1,"5":1,"6":8},"f":{"0":8,"1":3,"2":3,"3":1,"4":1,"5":1},"b":{"0":[8],"1":[8],"2":[8],"3":[8],"4":[8]},"meta":{"lastBranch":5,"lastFunction":6,"lastStatement":7,"seen":{"f:17:9:17:20":0,"b:22:23:22:45":0,"b:18:12:18:Infinity":1,"b:19:8:19:Infinity":2,"b:20:8:20:Infinity":3,"b:21:9:21:Infinity":4,"s:24:28:24:Infinity":0,"f:26:11:26:29":1,"s:27:4:27:Infinity":1,"f:27:4:27:13":2,"s:27:21:27:47":2,"f:30:11:30:29":3,"s:31:4:31:Infinity":3,"f:31:4:31:13":4,"s:31:21:31:47":4,"f:34:11:34:25":5,"s:35:4:35:Infinity":5,"s:38:2:43:Infinity":6},"fnNames":{}}}
,"C:\\Users\\Admin\\Desktop\\tacbot\\js-training\\react\\session4\\src\\hooks\\useInternForm.ts": {"path":"C:\\Users\\Admin\\Desktop\\tacbot\\js-training\\react\\session4\\src\\hooks\\useInternForm.ts","statementMap":{"0":{"start":{"line":20,"column":37},"end":{"line":25,"column":null}},"1":{"start":{"line":29,"column":26},"end":{"line":29,"column":null}},"2":{"start":{"line":31,"column":28},"end":{"line":31,"column":null}},"3":{"start":{"line":37,"column":34},"end":{"line":37,"column":null}},"4":{"start":{"line":39,"column":4},"end":{"line":48,"column":null}},"5":{"start":{"line":39,"column":21},"end":{"line":48,"column":6}},"6":{"start":{"line":51,"column":2},"end":{"line":51,"column":null}},"7":{"start":{"line":55,"column":4},"end":{"line":55,"column":null}},"8":{"start":{"line":56,"column":4},"end":{"line":56,"column":null}},"9":{"start":{"line":61,"column":4},"end":{"line":64,"column":null}},"10":{"start":{"line":62,"column":6},"end":{"line":62,"column":null}},"11":{"start":{"line":63,"column":6},"end":{"line":63,"column":null}},"12":{"start":{"line":66,"column":4},"end":{"line":69,"column":null}},"13":{"start":{"line":67,"column":6},"end":{"line":67,"column":null}},"14":{"start":{"line":68,"column":6},"end":{"line":68,"column":null}},"15":{"start":{"line":71,"column":4},"end":{"line":71,"column":null}},"16":{"start":{"line":72,"column":4},"end":{"line":72,"column":null}},"17":{"start":{"line":75,"column":2},"end":{"line":81,"column":null}}},"fnMap":{"0":{"name":"useInternForm","decl":{"start":{"line":27,"column":9},"end":{"line":27,"column":46}},"loc":{"start":{"line":27,"column":46},"end":{"line":82,"column":null}},"line":27},"1":{"name":"handleChange","decl":{"start":{"line":33,"column":11},"end":{"line":33,"column":null}},"loc":{"start":{"line":35,"column":10},"end":{"line":52,"column":null}},"line":35},"2":{"name":"(anonymous_2)","decl":{"start":{"line":39,"column":4},"end":{"line":39,"column":12}},"loc":{"start":{"line":39,"column":21},"end":{"line":48,"column":6}},"line":39},"3":{"name":"handleReset","decl":{"start":{"line":54,"column":11},"end":{"line":54,"column":31}},"loc":{"start":{"line":54,"column":31},"end":{"line":57,"column":null}},"line":54},"4":{"name":"isValid","decl":{"start":{"line":59,"column":11},"end":{"line":59,"column":30}},"loc":{"start":{"line":59,"column":30},"end":{"line":73,"column":null}},"line":59}},"branchMap":{"0":{"loc":{"start":{"line":43,"column":8},"end":{"line":47,"column":null}},"type":"cond-expr","locations":[{"start":{"line":44,"column":13},"end":{"line":44,"column":null}},{"start":{"line":45,"column":12},"end":{"line":47,"column":null}}],"line":43},"1":{"loc":{"start":{"line":45,"column":12},"end":{"line":47,"column":null}},"type":"cond-expr","locations":[{"start":{"line":46,"column":12},"end":{"line":46,"column":null}},{"start":{"line":47,"column":12},"end":{"line":47,"column":null}}],"line":45},"2":{"loc":{"start":{"line":61,"column":4},"end":{"line":64,"column":null}},"type":"if","locations":[{"start":{"line":61,"column":4},"end":{"line":64,"column":null}},{"start":{},"end":{}}],"line":61},"3":{"loc":{"start":{"line":66,"column":4},"end":{"line":69,"column":null}},"type":"if","locations":[{"start":{"line":66,"column":4},"end":{"line":69,"column":null}},{"start":{},"end":{}}],"line":66},"4":{"loc":{"start":{"line":66,"column":8},"end":{"line":66,"column":44}},"type":"binary-expr","locations":[{"start":{"line":66,"column":8},"end":{"line":66,"column":26}},{"start":{"line":66,"column":26},"end":{"line":66,"column":44}}],"line":66}},"s":{"0":3,"1":61,"2":61,"3":36,"4":36,"5":36,"6":36,"7":3,"8":3,"9":8,"10":4,"11":4,"12":4,"13":1,"14":1,"15":3,"16":3,"17":61},"f":{"0":61,"1":36,"2":36,"3":3,"4":8},"b":{"0":[0,36],"1":[12,24],"2":[4,4],"3":[1,3],"4":[4,4]},"meta":{"lastBranch":5,"lastFunction":5,"lastStatement":18,"seen":{"s:20:37:25:Infinity":0,"f:27:9:27:46":0,"s:29:26:29:Infinity":1,"s:31:28:31:Infinity":2,"f:33:11:33:Infinity":1,"s:37:34:37:Infinity":3,"s:39:4:48:Infinity":4,"f:39:4:39:12":2,"s:39:21:48:6":5,"b:44:13:44:Infinity:45:12:47:Infinity":0,"b:46:12:46:Infinity:47:12:47:Infinity":1,"s:51:2:51:Infinity":6,"f:54:11:54:31":3,"s:55:4:55:Infinity":7,"s:56:4:56:Infinity":8,"f:59:11:59:30":4,"b:61:4:64:Infinity:undefined:undefined:undefined:undefined":2,"s:61:4:64:Infinity":9,"s:62:6:62:Infinity":10,"s:63:6:63:Infinity":11,"b:66:4:69:Infinity:undefined:undefined:undefined:undefined":3,"s:66:4:69:Infinity":12,"b:66:8:66:26:66:26:66:44":4,"s:67:6:67:Infinity":13,"s:68:6:68:Infinity":14,"s:71:4:71:Infinity":15,"s:72:4:72:Infinity":16,"s:75:2:81:Infinity":17},"fnNames":{}}}
,"C:\\Users\\Admin\\Desktop\\tacbot\\js-training\\react\\session4\\src\\test\\test-utils.tsx": {"path":"C:\\Users\\Admin\\Desktop\\tacbot\\js-training\\react\\session4\\src\\test\\test-utils.tsx","statementMap":{"0":{"start":{"line":7,"column":2},"end":{"line":12,"column":null}},"1":{"start":{"line":17,"column":2},"end":{"line":20,"column":null}}},"fnMap":{"0":{"name":"AllProviders","decl":{"start":{"line":6,"column":9},"end":{"line":6,"column":22}},"loc":{"start":{"line":6,"column":61},"end":{"line":14,"column":null}},"line":6},"1":{"name":"customRender","decl":{"start":{"line":16,"column":9},"end":{"line":16,"column":22}},"loc":{"start":{"line":16,"column":65},"end":{"line":21,"column":null}},"line":16}},"branchMap":{},"s":{"0":35,"1":35},"f":{"0":35,"1":35},"b":{},"meta":{"lastBranch":0,"lastFunction":2,"lastStatement":2,"seen":{"f:6:9:6:22":0,"s:7:2:12:Infinity":0,"f:16:9:16:22":1,"s:17:2:20:Infinity":1},"fnNames":{}}}
}
